2020-10-01 01:36:24:565 grammar LogManager.java:25 before: (COMBINED_GRAMMAR Decaf (@ lexer namespace {CustomIde}) (@ parser namespace {CustomIde}) (RULES (RULE program (BLOCK (ALT 'class' Id '{' (* (BLOCK (ALT declaration))) '}'))) (RULE declaration (BLOCK (ALT structDeclaration) (ALT varDeclaration) (ALT methodDeclaration))) (RULE varDeclaration (BLOCK (ALT (= vartype varType) Id ';') (ALT (= vartype varType) Id '[' Num ']' ';') (ALT 'struct' (= vartipe varType) Id ';') (ALT 'struct' (= vartipe varType) Id '[' Num ']' ';'))) (RULE structDeclaration (BLOCK (ALT 'struct' Id '{' (* (BLOCK (ALT varDeclaration))) '}' ';'))) (RULE varType (BLOCK (ALT 'int') (ALT 'char') (ALT 'boolean') (ALT 'struct' Id) (ALT structDeclaration) (ALT 'void'))) (RULE methodDeclaration (BLOCK (ALT (= metoInt 'int') Id '(' (? (BLOCK (ALT parameter (* (BLOCK (ALT ',' parameter)))))) ')' block) (ALT (= metoChar 'char') Id '(' (? (BLOCK (ALT parameter (* (BLOCK (ALT ',' parameter)))))) ')' block) (ALT (= metoBool 'boolean') Id '(' (? (BLOCK (ALT parameter (* (BLOCK (ALT ',' parameter)))))) ')' block) (ALT (= metVoid 'void') Id '(' (? (BLOCK (ALT parameter (* (BLOCK (ALT ',' parameter)))))) ')' block))) (RULE parameter (BLOCK (ALT (= param parameterType) Id))) (RULE parameterType (BLOCK (ALT 'int') (ALT 'char') (ALT 'boolean'))) (RULE block (BLOCK (ALT '{' (* (BLOCK (ALT varDeclaration))) (* (BLOCK (ALT statement))) '}'))) (RULE statement (BLOCK (ALT 'if' '(' expression ')' block (? (BLOCK (ALT 'else' block))) ';') (ALT 'while' '(' expression ')' block ';') (ALT 'return' (? (BLOCK (ALT expression))) ';') (ALT methodCall ';') (ALT block) (ALT location '=' expression ';') (ALT location '=' '(char)' expression ';') (ALT (? (BLOCK (ALT expression))) ';'))) (RULE location (BLOCK (ALT Id (? (BLOCK (ALT '.' location))) ';') (ALT Id '[' expression ']' (? (BLOCK (ALT '.' location))) ';'))) (RULE expression (BLOCK (ALT location) (ALT methodCall) (ALT Num) (ALT CharacterLiteral) (ALT bool_literal) (ALT expression arith_op expression) (ALT expression rel_op expression) (ALT expression eq_op expression) (ALT expression cond_op expression) (ALT '-' expression) (ALT '!' expression) (ALT '(' expression ')'))) (RULE methodCall (BLOCK (ALT Id '(' (? (BLOCK (ALT arg (* (BLOCK (ALT ',' arg)))))) ')'))) (RULE arg (BLOCK (ALT expression))) (RULE arith_op (BLOCK (ALT '+') (ALT '-') (ALT '*') (ALT '/') (ALT '%'))) (RULE rel_op (BLOCK (ALT '<') (ALT '>') (ALT '<=') (ALT '>='))) (RULE eq_op (BLOCK (ALT '==') (ALT '!='))) (RULE cond_op (BLOCK (ALT '&&') (ALT '||'))) (RULE bool_literal (BLOCK (ALT 'true') (ALT 'false'))) (RULE Id (BLOCK (ALT Letter (* (BLOCK (ALT Letter) (ALT Digit)))))) (RULE Num (BLOCK (ALT (+ (BLOCK (ALT Digit)))))) (RULE CharacterLiteral (BLOCK (ALT '\'' SingleCharacter '\''))) (RULE SingleCharacter (RULEMODIFIERS fragment) (BLOCK (ALT (~ (SET ['\\]))))) (RULE Digit (BLOCK (ALT [0-9]))) (RULE Letter (BLOCK (ALT [a-zA-Z]))) (RULE WS (BLOCK (LEXER_ALT_ACTION (ALT (+ (BLOCK (ALT [  \t\r\n\u000C])))) skip))) (RULE COMMENT (BLOCK (LEXER_ALT_ACTION (ALT '/*' (* (BLOCK (ALT .))) '*/') skip))) (RULE LINE_COMMENT (BLOCK (LEXER_ALT_ACTION (ALT '//' (* (BLOCK (ALT (~ (SET [\r\n])))))) skip)))))
2020-10-01 01:36:24:586 grammar LogManager.java:25 after: (COMBINED_GRAMMAR Decaf (@ lexer namespace {CustomIde}) (@ parser namespace {CustomIde}) (RULES (RULE program (BLOCK (ALT 'class' Id '{' (* (BLOCK (ALT declaration))) '}'))) (RULE declaration (BLOCK (ALT structDeclaration) (ALT varDeclaration) (ALT methodDeclaration))) (RULE varDeclaration (BLOCK (ALT (= vartype varType) Id ';') (ALT (= vartype varType) Id '[' Num ']' ';') (ALT 'struct' (= vartipe varType) Id ';') (ALT 'struct' (= vartipe varType) Id '[' Num ']' ';'))) (RULE structDeclaration (BLOCK (ALT 'struct' Id '{' (* (BLOCK (ALT varDeclaration))) '}' ';'))) (RULE varType (BLOCK (ALT 'int') (ALT 'char') (ALT 'boolean') (ALT 'struct' Id) (ALT structDeclaration) (ALT 'void'))) (RULE methodDeclaration (BLOCK (ALT (= metoInt 'int') Id '(' (? (BLOCK (ALT parameter (* (BLOCK (ALT ',' parameter)))))) ')' block) (ALT (= metoChar 'char') Id '(' (? (BLOCK (ALT parameter (* (BLOCK (ALT ',' parameter)))))) ')' block) (ALT (= metoBool 'boolean') Id '(' (? (BLOCK (ALT parameter (* (BLOCK (ALT ',' parameter)))))) ')' block) (ALT (= metVoid 'void') Id '(' (? (BLOCK (ALT parameter (* (BLOCK (ALT ',' parameter)))))) ')' block))) (RULE parameter (BLOCK (ALT (= param parameterType) Id))) (RULE parameterType (BLOCK (ALT 'int') (ALT 'char') (ALT 'boolean'))) (RULE block (BLOCK (ALT '{' (* (BLOCK (ALT varDeclaration))) (* (BLOCK (ALT statement))) '}'))) (RULE statement (BLOCK (ALT 'if' '(' expression ')' block (? (BLOCK (ALT 'else' block))) ';') (ALT 'while' '(' expression ')' block ';') (ALT 'return' (? (BLOCK (ALT expression))) ';') (ALT methodCall ';') (ALT block) (ALT location '=' expression ';') (ALT location '=' '(char)' expression ';') (ALT (? (BLOCK (ALT expression))) ';'))) (RULE location (BLOCK (ALT Id (? (BLOCK (ALT '.' location))) ';') (ALT Id '[' expression ']' (? (BLOCK (ALT '.' location))) ';'))) (RULE expression (BLOCK (ALT location) (ALT methodCall) (ALT Num) (ALT CharacterLiteral) (ALT bool_literal) (ALT expression arith_op expression) (ALT expression rel_op expression) (ALT expression eq_op expression) (ALT expression cond_op expression) (ALT '-' expression) (ALT '!' expression) (ALT '(' expression ')'))) (RULE methodCall (BLOCK (ALT Id '(' (? (BLOCK (ALT arg (* (BLOCK (ALT ',' arg)))))) ')'))) (RULE arg (BLOCK (ALT expression))) (RULE arith_op (BLOCK (ALT (SET '+' '-' '*' '/' '%')))) (RULE rel_op (BLOCK (ALT (SET '<' '>' '<=' '>=')))) (RULE eq_op (BLOCK (ALT (SET '==' '!=')))) (RULE cond_op (BLOCK (ALT (SET '&&' '||')))) (RULE bool_literal (BLOCK (ALT (SET 'true' 'false')))) (RULE Id (BLOCK (ALT Letter (* (BLOCK (ALT Letter) (ALT Digit)))))) (RULE Num (BLOCK (ALT (+ (BLOCK (ALT Digit)))))) (RULE CharacterLiteral (BLOCK (ALT '\'' SingleCharacter '\''))) (RULE SingleCharacter (RULEMODIFIERS fragment) (BLOCK (ALT (~ (SET ['\\]))))) (RULE Digit (BLOCK (ALT [0-9]))) (RULE Letter (BLOCK (ALT [a-zA-Z]))) (RULE WS (BLOCK (LEXER_ALT_ACTION (ALT (+ (BLOCK (ALT [  \t\r\n\u000C])))) skip))) (RULE COMMENT (BLOCK (LEXER_ALT_ACTION (ALT '/*' (* (BLOCK (ALT .))) '*/') skip))) (RULE LINE_COMMENT (BLOCK (LEXER_ALT_ACTION (ALT '//' (* (BLOCK (ALT (~ (SET [\r\n])))))) skip)))))
2020-10-01 01:36:24:606 grammar LogManager.java:25 after extract implicit lexer =(COMBINED_GRAMMAR Decaf (@ parser namespace {CustomIde}) (RULES (RULE program (BLOCK (ALT 'class' Id '{' (* (BLOCK (ALT declaration))) '}'))) (RULE declaration (BLOCK (ALT structDeclaration) (ALT varDeclaration) (ALT methodDeclaration))) (RULE varDeclaration (BLOCK (ALT (= vartype varType) Id ';') (ALT (= vartype varType) Id '[' Num ']' ';') (ALT 'struct' (= vartipe varType) Id ';') (ALT 'struct' (= vartipe varType) Id '[' Num ']' ';'))) (RULE structDeclaration (BLOCK (ALT 'struct' Id '{' (* (BLOCK (ALT varDeclaration))) '}' ';'))) (RULE varType (BLOCK (ALT 'int') (ALT 'char') (ALT 'boolean') (ALT 'struct' Id) (ALT structDeclaration) (ALT 'void'))) (RULE methodDeclaration (BLOCK (ALT (= metoInt 'int') Id '(' (? (BLOCK (ALT parameter (* (BLOCK (ALT ',' parameter)))))) ')' block) (ALT (= metoChar 'char') Id '(' (? (BLOCK (ALT parameter (* (BLOCK (ALT ',' parameter)))))) ')' block) (ALT (= metoBool 'boolean') Id '(' (? (BLOCK (ALT parameter (* (BLOCK (ALT ',' parameter)))))) ')' block) (ALT (= metVoid 'void') Id '(' (? (BLOCK (ALT parameter (* (BLOCK (ALT ',' parameter)))))) ')' block))) (RULE parameter (BLOCK (ALT (= param parameterType) Id))) (RULE parameterType (BLOCK (ALT 'int') (ALT 'char') (ALT 'boolean'))) (RULE block (BLOCK (ALT '{' (* (BLOCK (ALT varDeclaration))) (* (BLOCK (ALT statement))) '}'))) (RULE statement (BLOCK (ALT 'if' '(' expression ')' block (? (BLOCK (ALT 'else' block))) ';') (ALT 'while' '(' expression ')' block ';') (ALT 'return' (? (BLOCK (ALT expression))) ';') (ALT methodCall ';') (ALT block) (ALT location '=' expression ';') (ALT location '=' '(char)' expression ';') (ALT (? (BLOCK (ALT expression))) ';'))) (RULE location (BLOCK (ALT Id (? (BLOCK (ALT '.' location))) ';') (ALT Id '[' expression ']' (? (BLOCK (ALT '.' location))) ';'))) (RULE expression (BLOCK (ALT location) (ALT methodCall) (ALT Num) (ALT CharacterLiteral) (ALT bool_literal) (ALT expression arith_op expression) (ALT expression rel_op expression) (ALT expression eq_op expression) (ALT expression cond_op expression) (ALT '-' expression) (ALT '!' expression) (ALT '(' expression ')'))) (RULE methodCall (BLOCK (ALT Id '(' (? (BLOCK (ALT arg (* (BLOCK (ALT ',' arg)))))) ')'))) (RULE arg (BLOCK (ALT expression))) (RULE arith_op (BLOCK (ALT (SET '+' '-' '*' '/' '%')))) (RULE rel_op (BLOCK (ALT (SET '<' '>' '<=' '>=')))) (RULE eq_op (BLOCK (ALT (SET '==' '!=')))) (RULE cond_op (BLOCK (ALT (SET '&&' '||')))) (RULE bool_literal (BLOCK (ALT (SET 'true' 'false'))))))
2020-10-01 01:36:24:606 grammar LogManager.java:25 lexer =(LEXER_GRAMMAR DecafLexer (@ lexer namespace {CustomIde}) (@ parser namespace {CustomIde}) (RULES (RULE T__0 (BLOCK (ALT 'class'))) (RULE T__1 (BLOCK (ALT '{'))) (RULE T__2 (BLOCK (ALT '}'))) (RULE T__3 (BLOCK (ALT ';'))) (RULE T__4 (BLOCK (ALT '['))) (RULE T__5 (BLOCK (ALT ']'))) (RULE T__6 (BLOCK (ALT 'struct'))) (RULE T__7 (BLOCK (ALT 'int'))) (RULE T__8 (BLOCK (ALT 'char'))) (RULE T__9 (BLOCK (ALT 'boolean'))) (RULE T__10 (BLOCK (ALT 'void'))) (RULE T__11 (BLOCK (ALT '('))) (RULE T__12 (BLOCK (ALT ','))) (RULE T__13 (BLOCK (ALT ')'))) (RULE T__14 (BLOCK (ALT 'if'))) (RULE T__15 (BLOCK (ALT 'else'))) (RULE T__16 (BLOCK (ALT 'while'))) (RULE T__17 (BLOCK (ALT 'return'))) (RULE T__18 (BLOCK (ALT '='))) (RULE T__19 (BLOCK (ALT '(char)'))) (RULE T__20 (BLOCK (ALT '.'))) (RULE T__21 (BLOCK (ALT '-'))) (RULE T__22 (BLOCK (ALT '!'))) (RULE T__23 (BLOCK (ALT '+'))) (RULE T__24 (BLOCK (ALT '*'))) (RULE T__25 (BLOCK (ALT '/'))) (RULE T__26 (BLOCK (ALT '%'))) (RULE T__27 (BLOCK (ALT '<'))) (RULE T__28 (BLOCK (ALT '>'))) (RULE T__29 (BLOCK (ALT '<='))) (RULE T__30 (BLOCK (ALT '>='))) (RULE T__31 (BLOCK (ALT '=='))) (RULE T__32 (BLOCK (ALT '!='))) (RULE T__33 (BLOCK (ALT '&&'))) (RULE T__34 (BLOCK (ALT '||'))) (RULE T__35 (BLOCK (ALT 'true'))) (RULE T__36 (BLOCK (ALT 'false'))) (RULE Id (BLOCK (ALT Letter (* (BLOCK (ALT Letter) (ALT Digit)))))) (RULE Num (BLOCK (ALT (+ (BLOCK (ALT Digit)))))) (RULE CharacterLiteral (BLOCK (ALT '\'' SingleCharacter '\''))) (RULE SingleCharacter (RULEMODIFIERS fragment) (BLOCK (ALT (~ (SET ['\\]))))) (RULE Digit (BLOCK (ALT [0-9]))) (RULE Letter (BLOCK (ALT [a-zA-Z]))) (RULE WS (BLOCK (LEXER_ALT_ACTION (ALT (+ (BLOCK (ALT [  \t\r\n\u000C])))) skip))) (RULE COMMENT (BLOCK (LEXER_ALT_ACTION (ALT '/*' (* (BLOCK (ALT .))) '*/') skip))) (RULE LINE_COMMENT (BLOCK (LEXER_ALT_ACTION (ALT '//' (* (BLOCK (ALT (~ (SET [\r\n])))))) skip)))))
2020-10-01 01:36:24:880 action-translator LogManager.java:25 translate CustomIde
2020-10-01 01:36:24:986 left-recursion LogManager.java:25 expression
    :   ( {} location<tokenIndex=485> 
        | methodCall<tokenIndex=489> 
        | Num<tokenIndex=493> 
        | CharacterLiteral<tokenIndex=497> 
        | bool_literal<tokenIndex=501> 
        | '-'<tokenIndex=537> expression<tokenIndex=539,p=3> 
        | '!'<tokenIndex=543> expression<tokenIndex=545,p=2> 
        | '('<tokenIndex=549> expression<tokenIndex=551> ')'<tokenIndex=553> 
        )
        (
          {self.precpred(self._ctx, 7)}?<p=7> arith_op<tokenIndex=507> expression<tokenIndex=509,p=8>
                  | {self.precpred(self._ctx, 6)}?<p=6> rel_op<tokenIndex=515> expression<tokenIndex=517,p=7>
                  | {self.precpred(self._ctx, 5)}?<p=5> eq_op<tokenIndex=523> expression<tokenIndex=525,p=6>
                  | {self.precpred(self._ctx, 4)}?<p=4> cond_op<tokenIndex=531> expression<tokenIndex=533,p=5>
        )*
    ;
2020-10-01 01:36:24:996 grammar LogManager.java:25 added: (RULE expression (BLOCK (ALT (BLOCK (ALT {} (location (ELEMENT_OPTIONS (= tokenIndex 485)))) (ALT (methodCall (ELEMENT_OPTIONS (= tokenIndex 489)))) (ALT (Num (ELEMENT_OPTIONS (= tokenIndex 493)))) (ALT (CharacterLiteral (ELEMENT_OPTIONS (= tokenIndex 497)))) (ALT (bool_literal (ELEMENT_OPTIONS (= tokenIndex 501)))) (ALT ('-' (ELEMENT_OPTIONS (= tokenIndex 537))) (expression (ELEMENT_OPTIONS (= tokenIndex 539) (= p 3)))) (ALT ('!' (ELEMENT_OPTIONS (= tokenIndex 543))) (expression (ELEMENT_OPTIONS (= tokenIndex 545) (= p 2)))) (ALT ('(' (ELEMENT_OPTIONS (= tokenIndex 549))) (expression (ELEMENT_OPTIONS (= tokenIndex 551))) (')' (ELEMENT_OPTIONS (= tokenIndex 553))))) (* (BLOCK (ALT ({self.precpred(self._ctx, 7)}? (ELEMENT_OPTIONS (= p 7))) (arith_op (ELEMENT_OPTIONS (= tokenIndex 507))) (expression (ELEMENT_OPTIONS (= tokenIndex 509) (= p 8)))) (ALT ({self.precpred(self._ctx, 6)}? (ELEMENT_OPTIONS (= p 6))) (rel_op (ELEMENT_OPTIONS (= tokenIndex 515))) (expression (ELEMENT_OPTIONS (= tokenIndex 517) (= p 7)))) (ALT ({self.precpred(self._ctx, 5)}? (ELEMENT_OPTIONS (= p 5))) (eq_op (ELEMENT_OPTIONS (= tokenIndex 523))) (expression (ELEMENT_OPTIONS (= tokenIndex 525) (= p 6)))) (ALT ({self.precpred(self._ctx, 4)}? (ELEMENT_OPTIONS (= p 4))) (cond_op (ELEMENT_OPTIONS (= tokenIndex 531))) (expression (ELEMENT_OPTIONS (= tokenIndex 533) (= p 5)))))))))
2020-10-01 01:36:25:000 semantics LogManager.java:25 tokens={EOF=-1, T__0=1, T__1=2, T__2=3, T__3=4, T__4=5, T__5=6, T__6=7, T__7=8, T__8=9, T__9=10, T__10=11, T__11=12, T__12=13, T__13=14, T__14=15, T__15=16, T__16=17, T__17=18, T__18=19, T__19=20, T__20=21, T__21=22, T__22=23, T__23=24, T__24=25, T__25=26, T__26=27, T__27=28, T__28=29, T__29=30, T__30=31, T__31=32, T__32=33, T__33=34, T__34=35, T__35=36, T__36=37, Id=38, Num=39, CharacterLiteral=40, Digit=41, Letter=42, WS=43, COMMENT=44, LINE_COMMENT=45}
2020-10-01 01:36:25:000 semantics LogManager.java:25 strings={'class'=1, '{'=2, '}'=3, ';'=4, '['=5, ']'=6, 'struct'=7, 'int'=8, 'char'=9, 'boolean'=10, 'void'=11, '('=12, ','=13, ')'=14, 'if'=15, 'else'=16, 'while'=17, 'return'=18, '='=19, '(char)'=20, '.'=21, '-'=22, '!'=23, '+'=24, '*'=25, '/'=26, '%'=27, '<'=28, '>'=29, '<='=30, '>='=31, '=='=32, '!='=33, '&&'=34, '||'=35, 'true'=36, 'false'=37}
2020-10-01 01:36:25:013 LL1 LogManager.java:25 
DECISION 0 in rule program
2020-10-01 01:36:25:013 LL1 LogManager.java:25 look=[{7..11}, 3]
2020-10-01 01:36:25:013 LL1 LogManager.java:25 LL(1)? true
2020-10-01 01:36:25:013 LL1 LogManager.java:25 
DECISION 1 in rule declaration
2020-10-01 01:36:25:013 LL1 LogManager.java:25 look=[7, {7..11}, {8..11}]
2020-10-01 01:36:25:013 LL1 LogManager.java:25 LL(1)? false
2020-10-01 01:36:25:013 LL1 LogManager.java:25 
DECISION 2 in rule varDeclaration
2020-10-01 01:36:25:014 LL1 LogManager.java:25 look=[{7..11}, {7..11}, 7, 7]
2020-10-01 01:36:25:014 LL1 LogManager.java:25 LL(1)? false
2020-10-01 01:36:25:014 LL1 LogManager.java:25 
DECISION 3 in rule structDeclaration
2020-10-01 01:36:25:014 LL1 LogManager.java:25 look=[{7..11}, 3]
2020-10-01 01:36:25:014 LL1 LogManager.java:25 LL(1)? true
2020-10-01 01:36:25:014 LL1 LogManager.java:25 
DECISION 4 in rule varType
2020-10-01 01:36:25:014 LL1 LogManager.java:25 look=[8, 9, 10, 7, 7, 11]
2020-10-01 01:36:25:014 LL1 LogManager.java:25 LL(1)? false
2020-10-01 01:36:25:014 LL1 LogManager.java:25 
DECISION 5 in rule methodDeclaration
2020-10-01 01:36:25:014 LL1 LogManager.java:25 look=[13, 14]
2020-10-01 01:36:25:014 LL1 LogManager.java:25 LL(1)? true
2020-10-01 01:36:25:014 LL1 LogManager.java:25 
DECISION 6 in rule methodDeclaration
2020-10-01 01:36:25:014 LL1 LogManager.java:25 look=[{8..10}, 14]
2020-10-01 01:36:25:014 LL1 LogManager.java:25 LL(1)? true
2020-10-01 01:36:25:014 LL1 LogManager.java:25 
DECISION 7 in rule methodDeclaration
2020-10-01 01:36:25:014 LL1 LogManager.java:25 look=[13, 14]
2020-10-01 01:36:25:014 LL1 LogManager.java:25 LL(1)? true
2020-10-01 01:36:25:014 LL1 LogManager.java:25 
DECISION 8 in rule methodDeclaration
2020-10-01 01:36:25:014 LL1 LogManager.java:25 look=[{8..10}, 14]
2020-10-01 01:36:25:014 LL1 LogManager.java:25 LL(1)? true
2020-10-01 01:36:25:014 LL1 LogManager.java:25 
DECISION 9 in rule methodDeclaration
2020-10-01 01:36:25:014 LL1 LogManager.java:25 look=[13, 14]
2020-10-01 01:36:25:014 LL1 LogManager.java:25 LL(1)? true
2020-10-01 01:36:25:015 LL1 LogManager.java:25 
DECISION 10 in rule methodDeclaration
2020-10-01 01:36:25:015 LL1 LogManager.java:25 look=[{8..10}, 14]
2020-10-01 01:36:25:015 LL1 LogManager.java:25 LL(1)? true
2020-10-01 01:36:25:015 LL1 LogManager.java:25 
DECISION 11 in rule methodDeclaration
2020-10-01 01:36:25:015 LL1 LogManager.java:25 look=[13, 14]
2020-10-01 01:36:25:015 LL1 LogManager.java:25 LL(1)? true
2020-10-01 01:36:25:015 LL1 LogManager.java:25 
DECISION 12 in rule methodDeclaration
2020-10-01 01:36:25:015 LL1 LogManager.java:25 look=[{8..10}, 14]
2020-10-01 01:36:25:015 LL1 LogManager.java:25 LL(1)? true
2020-10-01 01:36:25:015 LL1 LogManager.java:25 
DECISION 13 in rule methodDeclaration
2020-10-01 01:36:25:015 LL1 LogManager.java:25 look=[8, 9, 10, 11]
2020-10-01 01:36:25:015 LL1 LogManager.java:25 LL(1)? true
2020-10-01 01:36:25:015 LL1 LogManager.java:25 
DECISION 14 in rule parameterType
2020-10-01 01:36:25:015 LL1 LogManager.java:25 look=[8, 9, 10]
2020-10-01 01:36:25:015 LL1 LogManager.java:25 LL(1)? true
2020-10-01 01:36:25:015 LL1 LogManager.java:25 
DECISION 15 in rule block
2020-10-01 01:36:25:015 LL1 LogManager.java:25 look=[{7..11}, {2..4, 12, 15, 17..18, 22..23, 36..40}]
2020-10-01 01:36:25:015 LL1 LogManager.java:25 LL(1)? true
2020-10-01 01:36:25:015 LL1 LogManager.java:25 
DECISION 16 in rule block
2020-10-01 01:36:25:016 LL1 LogManager.java:25 look=[{2, 4, 12, 15, 17..18, 22..23, 36..40}, 3]
2020-10-01 01:36:25:016 LL1 LogManager.java:25 LL(1)? true
2020-10-01 01:36:25:016 LL1 LogManager.java:25 
DECISION 17 in rule statement
2020-10-01 01:36:25:016 LL1 LogManager.java:25 look=[16, 4]
2020-10-01 01:36:25:016 LL1 LogManager.java:25 LL(1)? true
2020-10-01 01:36:25:016 LL1 LogManager.java:25 
DECISION 18 in rule statement
2020-10-01 01:36:25:016 LL1 LogManager.java:25 look=[{12, 22..23, 36..40}, 4]
2020-10-01 01:36:25:016 LL1 LogManager.java:25 LL(1)? true
2020-10-01 01:36:25:016 LL1 LogManager.java:25 
DECISION 19 in rule statement
2020-10-01 01:36:25:016 LL1 LogManager.java:25 look=[{12, 22..23, 36..40}, 4]
2020-10-01 01:36:25:016 LL1 LogManager.java:25 LL(1)? true
2020-10-01 01:36:25:016 LL1 LogManager.java:25 
DECISION 20 in rule statement
2020-10-01 01:36:25:016 LL1 LogManager.java:25 look=[15, 17, 18, 38, 2, 38, 38, {4, 12, 22..23, 36..40}]
2020-10-01 01:36:25:017 LL1 LogManager.java:25 LL(1)? false
2020-10-01 01:36:25:017 LL1 LogManager.java:25 
DECISION 21 in rule location
2020-10-01 01:36:25:017 LL1 LogManager.java:25 look=[21, 4]
2020-10-01 01:36:25:017 LL1 LogManager.java:25 LL(1)? true
2020-10-01 01:36:25:017 LL1 LogManager.java:25 
DECISION 22 in rule location
2020-10-01 01:36:25:017 LL1 LogManager.java:25 look=[21, 4]
2020-10-01 01:36:25:017 LL1 LogManager.java:25 LL(1)? true
2020-10-01 01:36:25:017 LL1 LogManager.java:25 
DECISION 23 in rule location
2020-10-01 01:36:25:017 LL1 LogManager.java:25 look=[38, 38]
2020-10-01 01:36:25:017 LL1 LogManager.java:25 LL(1)? false
2020-10-01 01:36:25:017 LL1 LogManager.java:25 
DECISION 24 in rule expression
2020-10-01 01:36:25:017 LL1 LogManager.java:25 look=[38, 38, 39, 40, {36..37}, 22, 23, 12]
2020-10-01 01:36:25:017 LL1 LogManager.java:25 LL(1)? false
2020-10-01 01:36:25:017 LL1 LogManager.java:25 
DECISION 25 in rule expression
2020-10-01 01:36:25:017 LL1 LogManager.java:25 look=[null, null, null, null]
2020-10-01 01:36:25:017 LL1 LogManager.java:25 LL(1)? false
2020-10-01 01:36:25:017 LL1 LogManager.java:25 
DECISION 26 in rule expression
2020-10-01 01:36:25:017 LL1 LogManager.java:25 look=[null, null]
2020-10-01 01:36:25:017 LL1 LogManager.java:25 LL(1)? false
2020-10-01 01:36:25:017 LL1 LogManager.java:25 
DECISION 27 in rule methodCall
2020-10-01 01:36:25:017 LL1 LogManager.java:25 look=[13, 14]
2020-10-01 01:36:25:017 LL1 LogManager.java:25 LL(1)? true
2020-10-01 01:36:25:017 LL1 LogManager.java:25 
DECISION 28 in rule methodCall
2020-10-01 01:36:25:017 LL1 LogManager.java:25 look=[{12, 22..23, 36..40}, 14]
2020-10-01 01:36:25:017 LL1 LogManager.java:25 LL(1)? true
2020-10-01 01:36:25:053 action-translator LogManager.java:25 translate CustomIde
2020-10-01 01:36:25:084 action-translator LogManager.java:25 translate 
2020-10-01 01:36:25:086 action-translator LogManager.java:25 translate self.precpred(self._ctx, 7)
2020-10-01 01:36:25:086 action-translator LogManager.java:25 translate self.precpred(self._ctx, 6)
2020-10-01 01:36:25:086 action-translator LogManager.java:25 translate self.precpred(self._ctx, 5)
2020-10-01 01:36:25:087 action-translator LogManager.java:25 translate self.precpred(self._ctx, 4)
2020-10-01 01:36:25:088 action-translator LogManager.java:25 translate self.precpred(self._ctx, 7)
2020-10-01 01:36:25:088 action-translator LogManager.java:25 translate self.precpred(self._ctx, 6)
2020-10-01 01:36:25:088 action-translator LogManager.java:25 translate self.precpred(self._ctx, 5)
2020-10-01 01:36:25:088 action-translator LogManager.java:25 translate self.precpred(self._ctx, 4)
2020-10-01 01:36:25:156 action-translator LogManager.java:25 translate CustomIde
2020-10-01 01:36:25:161 action-translator LogManager.java:25 translate CustomIde
